#
# A fatal error has been detected by the Java Runtime Environment:
#
#  EXCEPTION_ACCESS_VIOLATION (0xc0000005) at pc=0x000000007704a0a5, pid=13872, tid=0x0000000000003068
#
# JRE version: Java(TM) SE Runtime Environment (8.0_101-b13) (build 1.8.0_101-b13)
# Java VM: Java HotSpot(TM) 64-Bit Server VM (25.101-b13 mixed mode windows-amd64 compressed oops)
# Problematic frame:
# V  [jvm.dll+0x12a0a5]
#
# Failed to write core dump. Minidumps are not enabled by default on client versions of Windows
#
# If you would like to submit a bug report, please visit:
#   http://bugreport.java.com/bugreport/crash.jsp
#

---------------  T H R E A D  ---------------

Current thread (0x0000000016c34000):  JavaThread "JDWP Transport Listener: dt_socket" daemon [_thread_in_vm, id=12392, stack(0x0000000018280000,0x0000000018380000)]

siginfo: ExceptionCode=0xc0000005, reading address 0xffffffffffffffff

Registers:
RAX=0x000000001837f401, RBX=0x0000000016c34000, RCX=0x800132fffd085627, RDX=0x0000000000000000
RSP=0x000000001837f490, RBP=0x800132fffd085627, RSI=0x000000001837f5a8, RDI=0x00000000006c88e0
R8 =0x0000000016c34000, R9 =0x0000000000008000, R10=0x00000000189ad800, R11=0x00000000188c7702
R12=0x0000000000000000, R13=0x0000000016c3f108, R14=0x0000000000000000, R15=0x0000000000000000
RIP=0x000000007704a0a5, EFLAGS=0x0000000000010286

Top of Stack: (sp=0x000000001837f490)
0x000000001837f490:   0000000000000002 00000000189adf10
0x000000001837f4a0:   000000001837f670 0000000077252f0b
0x000000001837f4b0:   0000000016c34000 000000007726f76d
0x000000001837f4c0:   0000000000000000 0000000050aa9155
0x000000001837f4d0:   00000000188faeb8 0000000050ab291e
0x000000001837f4e0:   0000000016c34000 0000000000000000
0x000000001837f4f0:   0000000000000000 0000000000000000
0x000000001837f500:   800132fffd085627 0000000050ab1a15
0x000000001837f510:   000000001837f5a8 000000001837f580
0x000000001837f520:   0000000000000001 00000000188faeb8
0x000000001837f530:   800132fffd085627 0000000050a953b3
0x000000001837f540:   000000001837f670 0000000000000001
0x000000001837f550:   0000000000000001 00000000188faeb8
0x000000001837f560:   0000000000000008 0000000000000000
0x000000001837f570:   0000000000000000 0000000000000000
0x000000001837f580:   0000000000000001 0000000050a95571 

Instructions: (pc=0x000000007704a0a5)
0x000000007704a085:   cc cc cc cc cc cc cc cc cc cc cc 48 83 ec 28 48
0x000000007704a095:   85 c9 75 07 33 c0 48 83 c4 28 c3 48 89 5c 24 20
0x000000007704a0a5:   48 8b 19 48 85 db 74 20 48 83 fb 37 74 1a 48 8b
0x000000007704a0b5:   13 48 8b cb ff 52 10 84 c0 74 0d 48 8b c3 48 8b 


Register to memory mapping:

RAX=0x000000001837f401 is pointing into the stack for thread: 0x0000000016c34000
RBX=0x0000000016c34000 is a thread
RCX=0x800132fffd085627 is an unknown value
RDX=0x0000000000000000 is an unknown value
RSP=0x000000001837f490 is pointing into the stack for thread: 0x0000000016c34000
RBP=0x800132fffd085627 is an unknown value
RSI=0x000000001837f5a8 is pointing into the stack for thread: 0x0000000016c34000
RDI=0x00000000006c88e0 is an unknown value
R8 =0x0000000016c34000 is a thread
R9 =0x0000000000008000 is an unknown value
R10=0x00000000189ad800 is an unknown value
R11=0x00000000188c7702 is an unknown value
R12=0x0000000000000000 is an unknown value
R13=0x0000000016c3f108 is an unknown value
R14=0x0000000000000000 is an unknown value
R15=0x0000000000000000 is an unknown value


Stack: [0x0000000018280000,0x0000000018380000],  sp=0x000000001837f490,  free space=1021k
Native frames: (J=compiled Java code, j=interpreted, Vv=VM code, C=native code)
V  [jvm.dll+0x12a0a5]
V  [jvm.dll+0x34f76d]
C  [jdwp.dll+0x21a15]
C  [jdwp.dll+0x53b3]
C  [jdwp.dll+0x5571]
C  [jdwp.dll+0xf0a8]
C  [jdwp.dll+0x1f2d5]
C  [jdwp.dll+0x1f4aa]
V  [jvm.dll+0x1bd258]
V  [jvm.dll+0x2451a4]
V  [jvm.dll+0x29c18a]
C  [msvcr100.dll+0x21d9f]
C  [msvcr100.dll+0x21e3b]
C  [KERNEL32.DLL+0x8364]
C  [ntdll.dll+0x670d1]


---------------  P R O C E S S  ---------------

Java Threads: ( => current thread )
  0x0000000016c8e000 JavaThread "Service Thread" daemon [_thread_blocked, id=15684, stack(0x0000000018c80000,0x0000000018d80000)]
  0x0000000016c57800 JavaThread "C1 CompilerThread2" daemon [_thread_blocked, id=7096, stack(0x0000000018780000,0x0000000018880000)]
  0x0000000016c55000 JavaThread "C2 CompilerThread1" daemon [_thread_blocked, id=6036, stack(0x0000000018680000,0x0000000018780000)]
  0x0000000016c61800 JavaThread "C2 CompilerThread0" daemon [_thread_blocked, id=1856, stack(0x0000000018580000,0x0000000018680000)]
  0x0000000016c48800 JavaThread "JDWP Command Reader" daemon [_thread_in_native, id=14632, stack(0x0000000018480000,0x0000000018580000)]
  0x0000000016c41800 JavaThread "JDWP Event Helper Thread" daemon [_thread_blocked, id=2908, stack(0x0000000018380000,0x0000000018480000)]
=>0x0000000016c34000 JavaThread "JDWP Transport Listener: dt_socket" daemon [_thread_in_vm, id=12392, stack(0x0000000018280000,0x0000000018380000)]
  0x0000000016c2d000 JavaThread "Attach Listener" daemon [_thread_blocked, id=16064, stack(0x0000000018180000,0x0000000018280000)]
  0x0000000016c2b800 JavaThread "Signal Dispatcher" daemon [_thread_blocked, id=12632, stack(0x0000000018080000,0x0000000018180000)]
  0x000000000213b800 JavaThread "Finalizer" daemon [_thread_blocked, id=2996, stack(0x0000000017e90000,0x0000000017f90000)]
  0x0000000002130800 JavaThread "Reference Handler" daemon [_thread_blocked, id=15112, stack(0x0000000017d90000,0x0000000017e90000)]
  0x0000000002042800 JavaThread "main" [_thread_blocked, id=2772, stack(0x0000000001e50000,0x0000000001f50000)]

Other Threads:
  0x0000000016bf8000 VMThread [stack: 0x0000000017c90000,0x0000000017d90000] [id=3200]
  0x00000000188ff000 WatcherThread [stack: 0x0000000018d80000,0x0000000018e80000] [id=8512]

VM state:not at safepoint (normal execution)

VM Mutex/Monitor currently owned by a thread: None

Heap:
 PSYoungGen      total 37888K, used 2621K [0x00000000d6000000, 0x00000000d8a00000, 0x0000000100000000)
  eden space 32768K, 8% used [0x00000000d6000000,0x00000000d628f668,0x00000000d8000000)
  from space 5120K, 0% used [0x00000000d8500000,0x00000000d8500000,0x00000000d8a00000)
  to   space 5120K, 0% used [0x00000000d8000000,0x00000000d8000000,0x00000000d8500000)
 ParOldGen       total 86016K, used 0K [0x0000000082000000, 0x0000000087400000, 0x00000000d6000000)
  object space 86016K, 0% used [0x0000000082000000,0x0000000082000000,0x0000000087400000)
 Metaspace       used 3716K, capacity 4768K, committed 4864K, reserved 1056768K
  class space    used 417K, capacity 464K, committed 512K, reserved 1048576K

Card table byte_map: [0x0000000011500000,0x0000000011900000] byte_map_base: 0x00000000110f0000

Marking Bits: (ParMarkBitMap*) 0x000000007773a6d0
 Begin Bits: [0x0000000011fa0000, 0x0000000013f20000)
 End Bits:   [0x0000000013f20000, 0x0000000015ea0000)

Polling page: 0x0000000000660000

CodeCache: size=245760Kb used=1223Kb max_used=1223Kb free=244536Kb
 bounds [0x0000000002140000, 0x00000000023b0000, 0x0000000011140000]
 total_blobs=325 nmethods=87 adapters=159
 compilation: enabled

Compilation events (10 events):
Event: 3.192 Thread 0x0000000016c57800   83       3       java.util.regex.Pattern::next (33 bytes)
Event: 3.192 Thread 0x0000000016c57800 nmethod 83 0x0000000002270d90 code [0x0000000002270f00, 0x00000000022711e8]
Event: 3.192 Thread 0x0000000016c57800   84       3       java.lang.Character::isBmpCodePoint (13 bytes)
Event: 3.193 Thread 0x0000000016c57800 nmethod 84 0x0000000002271310 code [0x0000000002271460, 0x00000000022715f0]
Event: 3.193 Thread 0x0000000016c57800   86       3       java.util.regex.ASCII::isAscii (13 bytes)
Event: 3.193 Thread 0x0000000016c57800 nmethod 86 0x0000000002271650 code [0x00000000022717a0, 0x0000000002271930]
Event: 3.193 Thread 0x0000000016c57800   85       1       java.util.regex.Pattern::flags (5 bytes)
Event: 3.193 Thread 0x0000000016c57800 nmethod 85 0x0000000002271990 code [0x0000000002271ae0, 0x0000000002271bf0]
Event: 3.716 Thread 0x0000000016c57800   87       3       java.util.concurrent.ConcurrentHashMap::spread (10 bytes)
Event: 3.717 Thread 0x0000000016c57800 nmethod 87 0x0000000002271c50 code [0x0000000002271da0, 0x0000000002271ef0]

GC Heap History (0 events):
No events

Deoptimization events (0 events):
No events

Internal exceptions (6 events):
Event: 0.070 Thread 0x0000000002042800 Exception <a 'java/lang/NoSuchMethodError': Method sun.misc.Unsafe.defineClass(Ljava/lang/String;[BII)Ljava/lang/Class; name or signature does not match> (0x00000000d6007cc0) thrown at [C:\re\workspace\8-2-build-windows-amd64-cygwin\jdk8u101\7261\hotspot\sú_Äùû±?
Event: 0.070 Thread 0x0000000002042800 Exception <a 'java/lang/NoSuchMethodError': Method sun.misc.Unsafe.prefetchRead(Ljava/lang/Object;J)V name or signature does not match> (0x00000000d6007fa8) thrown at [C:\re\workspace\8-2-build-windows-amd64-cygwin\jdk8u101\7261\hotspot\src\share\vm\prims\ïcÜ?ÜöÙ?
Event: 0.406 Thread 0x0000000002042800 Exception <a 'java/security/PrivilegedActionException'> (0x00000000d620acd8) thrown at [C:\re\workspace\8-2-build-windows-amd64-cygwin\jdk8u101\7261\hotspot\src\share\vm\prims\jvm.cpp, line 1386]
Event: 0.406 Thread 0x0000000002042800 Exception <a 'java/security/PrivilegedActionException'> (0x00000000d620b0d0) thrown at [C:\re\workspace\8-2-build-windows-amd64-cygwin\jdk8u101\7261\hotspot\src\share\vm\prims\jvm.cpp, line 1386]
Event: 0.407 Thread 0x0000000002042800 Exception <a 'java/security/PrivilegedActionException'> (0x00000000d620f1a0) thrown at [C:\re\workspace\8-2-build-windows-amd64-cygwin\jdk8u101\7261\hotspot\src\share\vm\prims\jvm.cpp, line 1386]
Event: 0.407 Thread 0x0000000002042800 Exception <a 'java/security/PrivilegedActionException'> (0x00000000d620f598) thrown at [C:\re\workspace\8-2-build-windows-amd64-cygwin\jdk8u101\7261\hotspot\src\share\vm\prims\jvm.cpp, line 1386]

Events (10 events):
Event: 2256.921 Executing VM operation: ChangeBreakpoints
Event: 2256.921 Executing VM operation: ChangeBreakpoints done
Event: 2256.925 Executing VM operation: RedefineClasses
Event: 2256.925 Executing VM operation: RedefineClasses done
Event: 2256.926 Executing VM operation: GetOrSetLocal
Event: 2256.926 Executing VM operation: GetOrSetLocal done
Event: 2256.932 Executing VM operation: ChangeBreakpoints
Event: 2256.932 Executing VM operation: ChangeBreakpoints done
Event: 2256.960 Executing VM operation: GetOrSetLocal
Event: 2256.960 Executing VM operation: GetOrSetLocal done


Dynamic libraries:
0x00007ff7407f0000 - 0x00007ff740827000 	C:\Program Files\Java\jdk1.8.0_101\bin\java.exe
0x00007ff99d9a0000 - 0x00007ff99db71000 	C:\WINDOWS\SYSTEM32\ntdll.dll
0x00007ff99d750000 - 0x00007ff99d7fc000 	C:\WINDOWS\System32\KERNEL32.DLL
0x00007ff98da90000 - 0x00007ff98dac3000 	C:\Program Files\AVAST Software\Avast\x64\aswhooka.dll
0x00007ff99a200000 - 0x00007ff99a41d000 	C:\WINDOWS\System32\KERNELBASE.dll
0x00007ff99bbe0000 - 0x00007ff99bc82000 	C:\WINDOWS\System32\ADVAPI32.dll
0x00007ff99b390000 - 0x00007ff99b42e000 	C:\WINDOWS\System32\msvcrt.dll
0x00007ff99ba20000 - 0x00007ff99ba79000 	C:\WINDOWS\System32\sechost.dll
0x00007ff99af90000 - 0x00007ff99b0b1000 	C:\WINDOWS\System32\RPCRT4.dll
0x00007ff99b8b0000 - 0x00007ff99ba15000 	C:\WINDOWS\System32\USER32.dll
0x00007ff999ea0000 - 0x00007ff999ebe000 	C:\WINDOWS\System32\win32u.dll
0x00007ff99bed0000 - 0x00007ff99bf04000 	C:\WINDOWS\System32\GDI32.dll
0x00007ff999ec0000 - 0x00007ff99a040000 	C:\WINDOWS\System32\gdi32full.dll
0x00007ff98ce40000 - 0x00007ff98d0ba000 	C:\WINDOWS\WinSxS\amd64_microsoft.windows.common-controls_6595b64144ccf1df_6.0.14393.953_none_42151e83c686086b\COMCTL32.dll
0x00007ff99b0c0000 - 0x00007ff99b388000 	C:\WINDOWS\System32\combase.dll
0x00007ff99a700000 - 0x00007ff99a7f5000 	C:\WINDOWS\System32\ucrtbase.dll
0x00007ff99a0f0000 - 0x00007ff99a15a000 	C:\WINDOWS\System32\bcryptPrimitives.dll
0x00007ff99b880000 - 0x00007ff99b8ae000 	C:\WINDOWS\System32\IMM32.DLL
0x0000000050ad0000 - 0x0000000050ba2000 	C:\Program Files\Java\jdk1.8.0_101\jre\bin\msvcr100.dll
0x0000000076f20000 - 0x00000000777ba000 	C:\Program Files\Java\jdk1.8.0_101\jre\bin\server\jvm.dll
0x00007ff99bf20000 - 0x00007ff99bf28000 	C:\WINDOWS\System32\PSAPI.DLL
0x00007ff9681b0000 - 0x00007ff9681b9000 	C:\WINDOWS\SYSTEM32\WSOCK32.dll
0x00007ff99d800000 - 0x00007ff99d86a000 	C:\WINDOWS\System32\WS2_32.dll
0x00007ff997f50000 - 0x00007ff997f73000 	C:\WINDOWS\SYSTEM32\WINMM.dll
0x00007ff98d4f0000 - 0x00007ff98d4fa000 	C:\WINDOWS\SYSTEM32\VERSION.dll
0x00007ff997690000 - 0x00007ff9976bb000 	C:\WINDOWS\SYSTEM32\WINMMBASE.dll
0x00007ff99a800000 - 0x00007ff99a842000 	C:\WINDOWS\System32\cfgmgr32.dll
0x0000000050d90000 - 0x0000000050d9f000 	C:\Program Files\Java\jdk1.8.0_101\jre\bin\verify.dll
0x0000000050d60000 - 0x0000000050d89000 	C:\Program Files\Java\jdk1.8.0_101\jre\bin\java.dll
0x0000000050a90000 - 0x0000000050ac5000 	C:\Program Files\Java\jdk1.8.0_101\jre\bin\jdwp.dll
0x0000000050d30000 - 0x0000000050d38000 	C:\Program Files\Java\jdk1.8.0_101\jre\bin\npt.dll
0x0000000050d40000 - 0x0000000050d56000 	C:\Program Files\Java\jdk1.8.0_101\jre\bin\zip.dll
0x00007ff99c0e0000 - 0x00007ff99d5e8000 	C:\WINDOWS\System32\SHELL32.dll
0x00007ff99a850000 - 0x00007ff99af2a000 	C:\WINDOWS\System32\windows.storage.dll
0x00007ff999e40000 - 0x00007ff999e8c000 	C:\WINDOWS\System32\powrprof.dll
0x00007ff99bc90000 - 0x00007ff99bce2000 	C:\WINDOWS\System32\shlwapi.dll
0x00007ff999e90000 - 0x00007ff999e9f000 	C:\WINDOWS\System32\kernel.appcore.dll
0x00007ff99a420000 - 0x00007ff99a4c9000 	C:\WINDOWS\System32\shcore.dll
0x00007ff999e20000 - 0x00007ff999e34000 	C:\WINDOWS\System32\profapi.dll
0x0000000050a80000 - 0x0000000050a89000 	C:\Program Files\Java\jdk1.8.0_101\jre\bin\dt_socket.dll
0x00007ff999740000 - 0x00007ff99979c000 	C:\WINDOWS\system32\mswsock.dll
0x00007ff987bb0000 - 0x00007ff987d42000 	C:\WINDOWS\SYSTEM32\dbghelp.dll

VM Arguments:
jvm_args: -agentlib:jdwp=transport=dt_socket,address=127.0.0.1:65219,suspend=y,server=n -Dfile.encoding=UTF-8 
java_command: MinefieldApp
java_class_path (initial): C:\Program Files\Java\jdk1.8.0_101\jre\lib\charsets.jar;C:\Program Files\Java\jdk1.8.0_101\jre\lib\deploy.jar;C:\Program Files\Java\jdk1.8.0_101\jre\lib\ext\access-bridge-64.jar;C:\Program Files\Java\jdk1.8.0_101\jre\lib\ext\cldrdata.jar;C:\Program Files\Java\jdk1.8.0_101\jre\lib\ext\dnsns.jar;C:\Program Files\Java\jdk1.8.0_101\jre\lib\ext\jaccess.jar;C:\Program Files\Java\jdk1.8.0_101\jre\lib\ext\jfxrt.jar;C:\Program Files\Java\jdk1.8.0_101\jre\lib\ext\localedata.jar;C:\Program Files\Java\jdk1.8.0_101\jre\lib\ext\nashorn.jar;C:\Program Files\Java\jdk1.8.0_101\jre\lib\ext\sunec.jar;C:\Program Files\Java\jdk1.8.0_101\jre\lib\ext\sunjce_provider.jar;C:\Program Files\Java\jdk1.8.0_101\jre\lib\ext\sunmscapi.jar;C:\Program Files\Java\jdk1.8.0_101\jre\lib\ext\sunpkcs11.jar;C:\Program Files\Java\jdk1.8.0_101\jre\lib\ext\zipfs.jar;C:\Program Files\Java\jdk1.8.0_101\jre\lib\javaws.jar;C:\Program Files\Java\jdk1.8.0_101\jre\lib\jce.jar;C:\Program Files\Java\jdk1.8.0_101\jre\lib\jfr.jar;C:\Program Files\Java\jdk1.8.0_101\jre\lib\jfxswt.jar;C:\Program Files\Java\jdk1.8.0_101\jre\lib\jsse.jar;C:\Program Files\Java\jdk1.8.0_101\jre\lib\management-agent.jar;C:\Program Files\Java\jdk1.8.0_101\jre\lib\plugin.jar;C:\Program Files\Java\jdk1.8.0_101\jre\lib\resources.jar;C:\Program Files\Java\jdk1.8.0_101\jre\lib\rt.jar;C:\Users\user\IdeaProjects\MinesweeperMidterm\out\production\MinesweeperMidterm;C:\Program Files\JetBrains\IntelliJ IDEA 2017.1.4\lib\idea_rt.jar
Launcher Type: SUN_STANDARD

Environment Variables:
PATH=C:\ProgramData\Oracle\Java\javapath;C:\Program Files (x86)\Intel\iCLS Client\;C:\Program Files\Intel\iCLS Client\;C:\Windows\system32;C:\Windows;C:\Windows\System32\Wbem;C:\Windows\System32\WindowsPowerShell\v1.0\;C:\Program Files (x86)\Intel\Intel(R) Management Engine Components\DAL;C:\Program Files\Intel\Intel(R) Management Engine Components\DAL;C:\Program Files (x86)\Intel\Intel(R) Management Engine Components\IPT;C:\Program Files\Intel\Intel(R) Management Engine Components\IPT;C:\Program Files (x86)\NVIDIA Corporation\PhysX\Common;C:\WINDOWS\system32;C:\WINDOWS;C:\WINDOWS\System32\Wbem;C:\WINDOWS\System32\WindowsPowerShell\v1.0\;C:\WINDOWS\system32\config\systemprofile\.dnx\bin;C:\Program Files\Microsoft DNX\Dnvm\;C:\Program Files\Microsoft SQL Server\130\Tools\Binn\;C:\Program Files (x86)\GtkSharp\2.12\bin;C:\Program Files\Git\cmd;C:\Users\user\AppData\Local\Microsoft\WindowsApps;
USERNAME=user
OS=Windows_NT
PROCESSOR_IDENTIFIER=Intel64 Family 6 Model 78 Stepping 3, GenuineIntel



---------------  S Y S T E M  ---------------

OS: Windows 10.0 , 64 bit Build 14393 (10.0.14393.1198)

CPU:total 4 (2 cores per cpu, 2 threads per core) family 6 model 78 stepping 3, cmov, cx8, fxsr, mmx, sse, sse2, sse3, ssse3, sse4.1, sse4.2, popcnt, avx, avx2, aes, clmul, erms, 3dnowpref, lzcnt, ht, tsc, tscinvbit, bmi1, bmi2, adx

Memory: 4k page, physical 8251996k(3130116k free), swap 14866532k(4851276k free)

vm_info: Java HotSpot(TM) 64-Bit Server VM (25.101-b13) for windows-amd64 JRE (1.8.0_101-b13), built on Jun 22 2016 01:21:29 by "java_re" with MS VC++ 10.0 (VS2010)

time: Thu Jul 13 11:00:36 2017
elapsed time: 2257 seconds (0d 0h 37m 37s)

